<?xml version="1.0" encoding="UTF-8"?>
<testsuite name="TestStage2" tests="1" skipped="0" failures="0" errors="0" timestamp="2023-03-09T03:58:52" hostname="leviatan" time="0.112">
  <properties/>
  <testcase name="start" classname="TestStage2" time="0.112"/>
  <system-out><![CDATA[?[1;31m
Start test 1?[0m
The username is Max.
?[1;31m
Start test 2?[0m
?[1;31m
Start test 3?[0m
These are SVCS commands:
config     Get and set a username.
add        Add a file to the index.
log        Show commit logs.
commit     Save changes.
checkout   Restore a file.
These are SVCS commands:
config     Get and set a username.
add        Add a file to the index.
log        Show commit logs.
commit     Save changes.
checkout   Restore a file.
?[1;31m
Start test 4?[0m
Please, tell me who you are.
The username is Max.
The username is Max.
The username is John.
The username is John.
?[1;31m
Start test 5?[0m
Tracked files:
file500.txt
Tracked files:
file500.txt
file733.txt
?[1;31m
Start test 6?[0m
Show commit logs.
?[1;31m
Start test 7?[0m
Save changes.
?[1;31m
Start test 8?[0m
Restore a file.
?[1;31m
Start test 9?[0m
]]></system-out>
  <system-err><![CDATA[]]></system-err>
</testsuite>
