<?xml version="1.0" encoding="UTF-8"?>
<testsuite name="TestStage1" tests="1" skipped="0" failures="0" errors="0" timestamp="2023-03-07T02:21:33" hostname="leviatan" time="0.084">
  <properties/>
  <testcase name="start" classname="TestStage1" time="0.084"/>
  <system-out><![CDATA[?[1;31m
Start test 1?[0m
Add a file to the index.
?[1;31m
Start test 2?[0m
Restore a file.
?[1;31m
Start test 3?[0m
Save changes.
?[1;31m
Start test 4?[0m
Get and set a username.
?[1;31m
Start test 5?[0m
These are SVCS commands:
config     Get and set a username.
add        Add a file to the index.
log        Show commit logs.
commit     Save changes.
checkout   Restore a file.
These are SVCS commands:
config     Get and set a username.
add        Add a file to the index.
log        Show commit logs.
commit     Save changes.
checkout   Restore a file.
?[1;31m
Start test 6?[0m
Show commit logs.
?[1;31m
Start test 7?[0m
]]></system-out>
  <system-err><![CDATA[]]></system-err>
</testsuite>
